distributed.nanny - INFO -         Start Nanny at: 'tcp://129.129.222.110:32959'
WARNING:bokeh.server.util:Host wildcard '*' will allow connections originating from multiple (or possibly all) hostnames or IPs. Use non-wildcard values to restrict access explicitly
distributed.worker - INFO -       Start worker at: tcp://129.129.222.110:45898
distributed.worker - INFO -          Listening to: tcp://129.129.222.110:45898
distributed.worker - INFO -              nanny at:      129.129.222.110:32959
distributed.worker - INFO -               http at:      129.129.222.110:40069
distributed.worker - INFO -              bokeh at:       129.129.222.110:8789
distributed.worker - INFO - Waiting to connect to: tcp://sf-cn-1.psi.ch:34628
distributed.worker - INFO - -------------------------------------------------
distributed.worker - INFO -               Threads:                          1
distributed.worker - INFO -                Memory:                    4.50 GB
distributed.worker - INFO -       Local Directory: /photonics/home/lemke_h/mypy/escape-fel/slurmified_files/worker-kzy_kvyo
distributed.worker - INFO - -------------------------------------------------
distributed.worker - INFO -         Registered to: tcp://sf-cn-1.psi.ch:34628
distributed.worker - INFO - -------------------------------------------------
distributed.worker - INFO - Can't find dependencies for key ('array-concatenate-4a7f798f074739a87010e611dba16d13', 1029, 0, 0)
distributed.worker - INFO - Dependent not found: array-original-edb6efb4b07a0951e02917c9fde13fff 0 .  Asking scheduler
distributed.worker - INFO - Can't find dependencies for key ('array-concatenate-4a7f798f074739a87010e611dba16d13', 1009, 0, 0)
distributed.worker - INFO - Can't find dependencies for key ('array-concatenate-4a7f798f074739a87010e611dba16d13', 1008, 0, 0)
distributed.worker - INFO - Can't find dependencies for key ('array-concatenate-4a7f798f074739a87010e611dba16d13', 1022, 0, 0)
distributed.worker - INFO - Can't find dependencies for key ('array-concatenate-4a7f798f074739a87010e611dba16d13', 1033, 0, 0)
distributed.worker - INFO - Can't find dependencies for key ('array-concatenate-4a7f798f074739a87010e611dba16d13', 1049, 0, 0)
distributed.worker - INFO - Can't find dependencies for key ('array-concatenate-4a7f798f074739a87010e611dba16d13', 1014, 0, 0)
distributed.worker - INFO - Can't find dependencies for key ('array-concatenate-4a7f798f074739a87010e611dba16d13', 1030, 0, 0)
distributed.worker - INFO - Can't find dependencies for key ('array-concatenate-4a7f798f074739a87010e611dba16d13', 1025, 0, 0)
distributed.worker - INFO - Can't find dependencies for key ('array-concatenate-4a7f798f074739a87010e611dba16d13', 1010, 0, 0)
distributed.worker - INFO - Can't find dependencies for key ('array-concatenate-4a7f798f074739a87010e611dba16d13', 1038, 0, 0)
distributed.worker - INFO - Can't find dependencies for key ('array-concatenate-4a7f798f074739a87010e611dba16d13', 1021, 0, 0)
distributed.worker - INFO - Can't find dependencies for key ('array-concatenate-4a7f798f074739a87010e611dba16d13', 1047, 0, 0)
distributed.worker - INFO - Can't find dependencies for key ('array-concatenate-4a7f798f074739a87010e611dba16d13', 1017, 0, 0)
distributed.worker - INFO - Can't find dependencies for key ('array-concatenate-4a7f798f074739a87010e611dba16d13', 1041, 0, 0)
distributed.worker - INFO - Can't find dependencies for key ('array-concatenate-4a7f798f074739a87010e611dba16d13', 1029, 0, 0)
distributed.worker - INFO - Dependent not found: array-original-edb6efb4b07a0951e02917c9fde13fff 1 .  Asking scheduler
distributed.worker - INFO - Can't find dependencies for key ('array-concatenate-4a7f798f074739a87010e611dba16d13', 1009, 0, 0)
distributed.worker - INFO - Can't find dependencies for key ('array-concatenate-4a7f798f074739a87010e611dba16d13', 1008, 0, 0)
distributed.worker - INFO - Can't find dependencies for key ('array-concatenate-4a7f798f074739a87010e611dba16d13', 1022, 0, 0)
distributed.worker - INFO - Can't find dependencies for key ('array-concatenate-4a7f798f074739a87010e611dba16d13', 1033, 0, 0)
distributed.worker - INFO - Can't find dependencies for key ('array-concatenate-4a7f798f074739a87010e611dba16d13', 1049, 0, 0)
distributed.worker - INFO - Can't find dependencies for key ('array-concatenate-4a7f798f074739a87010e611dba16d13', 1014, 0, 0)
distributed.worker - INFO - Can't find dependencies for key ('array-concatenate-4a7f798f074739a87010e611dba16d13', 1030, 0, 0)
distributed.worker - INFO - Can't find dependencies for key ('array-concatenate-4a7f798f074739a87010e611dba16d13', 1025, 0, 0)
distributed.worker - INFO - Can't find dependencies for key ('array-concatenate-4a7f798f074739a87010e611dba16d13', 1010, 0, 0)
distributed.core - WARNING - Event loop was unresponsive for 1.99s.  This is often caused by long-running GIL-holding functions or moving large chunks of data. This can cause timeouts and instability.
distributed.nanny - WARNING - Worker process 7648 was killed by unknown signal
distributed.nanny - WARNING - Restarting worker
WARNING:bokeh.server.util:Host wildcard '*' will allow connections originating from multiple (or possibly all) hostnames or IPs. Use non-wildcard values to restrict access explicitly
distributed.worker - INFO -       Start worker at: tcp://129.129.222.110:46264
distributed.worker - INFO -          Listening to: tcp://129.129.222.110:46264
distributed.worker - INFO -              nanny at:      129.129.222.110:32959
distributed.worker - INFO -               http at:      129.129.222.110:40236
distributed.worker - INFO -              bokeh at:       129.129.222.110:8789
distributed.worker - INFO - Waiting to connect to: tcp://sf-cn-1.psi.ch:34628
distributed.worker - INFO - -------------------------------------------------
distributed.worker - INFO -               Threads:                          1
distributed.worker - INFO -                Memory:                    4.50 GB
distributed.worker - INFO -       Local Directory: /photonics/home/lemke_h/mypy/escape-fel/slurmified_files/worker-n503pnbk
distributed.worker - INFO - -------------------------------------------------
distributed.worker - INFO -         Registered to: tcp://sf-cn-1.psi.ch:34628
distributed.worker - INFO - -------------------------------------------------
slurmstepd: error: *** JOB 1041 ON sf-cn-10 CANCELLED AT 2018-10-21T20:34:00 DUE TO TIME LIMIT ***
slurmstepd: error: Exceeded step memory limit at some point.
